[   29470ms] [LOG] TikTok global tracking script function is called @ :1
[   29480ms] [LOG] initializeInvocaFor1800 - init @ :0
[   29483ms] [LOG] AM - Pageload test: full pageload occurred @ :0
[   29491ms] [LOG] AM - GTM Monitoring script: GTM IS UNCHANGED. @ :2
[   29496ms] [LOG] 4231202 @ :0
[   30482ms] [LOG] initializeInvocaFor1800 - Invoca.PNAPI.run() @ :0
[   31483ms] [LOG] initializeInvocaFor1800 - Invoca.PNAPI.run() - second try @ :0
[   31483ms] [LOG] initializeInvocaFor1800 - Invoca is not defined @ :0
[   66621ms] [ERROR] Failed to load resource: net::ERR_CONNECTION_TIMED_OUT @ https://analytics.tiktok.com/i18n/pixel/events.js?sdkid=CABDO6RC77U9DGARS66G&lib=ttq:0
[ 1352160ms] [ERROR] Failed to load resource: net::ERR_CONNECTION_RESET @ https://1800accountant.com/icons/graph-up-green.svg:0
[ 1352213ms] [ERROR] Failed to load resource: net::ERR_CONNECTION_RESET @ https://1800accountant.com/images/home/home-3.png:0
[ 1352213ms] [ERROR] Failed to load resource: net::ERR_CONNECTION_RESET @ https://1800accountant.com/icons/arrow-up-green.svg:0
[ 1352214ms] [ERROR] Failed to load resource: net::ERR_CONNECTION_RESET @ https://1800accountant.com/images/home/home-2.png:0
[ 1352214ms] [ERROR] Failed to load resource: net::ERR_CONNECTION_RESET @ https://1800accountant.com/images/home/home.png:0
[ 1352214ms] [ERROR] Failed to load resource: net::ERR_CONNECTION_RESET @ https://1800accountant.com/icons/check-purple.svg:0
[ 1352215ms] [ERROR] Failed to load resource: net::ERR_CONNECTION_RESET @ https://1800accountant.com/icons/monitor.svg:0
[ 1352215ms] [ERROR] Failed to load resource: net::ERR_CONNECTION_RESET @ https://1800accountant.com/images/home/home-4.png:0
[ 1391044ms] [ERROR] Failed to load resource: net::ERR_TIMED_OUT @ https://1800accountant.com/images/home/home-2.png:0
[ 1393057ms] [ERROR] Failed to load resource: net::ERR_CONNECTION_RESET @ https://1800accountant.com/pie.png:0
[ 1393058ms] [ERROR] Failed to load resource: net::ERR_CONNECTION_RESET @ https://1800accountant.com/images/home/home-4.png:0
[ 1393059ms] [ERROR] Failed to load resource: net::ERR_CONNECTION_RESET @ https://1800accountant.com/icons/monitor.svg:0
[ 1393059ms] [ERROR] Failed to load resource: net::ERR_CONNECTION_RESET @ https://1800accountant.com/icons/check-purple.svg:0
[ 1393059ms] [ERROR] Failed to load resource: net::ERR_CONNECTION_RESET @ https://1800accountant.com/images/home/home.png:0
[ 1393059ms] [ERROR] Failed to load resource: net::ERR_CONNECTION_RESET @ https://1800accountant.com/icons/arrow-up-green.svg:0
[ 1393059ms] [ERROR] Failed to load resource: net::ERR_CONNECTION_RESET @ https://1800accountant.com/icons/graph-up-green.svg:0
[ 1410565ms] [ERROR] Failed to load resource: net::ERR_NETWORK_CHANGED @ https://1800accountant.com/images/home/home-3.png:0
[ 1410588ms] [ERROR] Failed to load resource: net::ERR_NETWORK_CHANGED @ https://1800accountant.com/images/home/home.png:0
[ 1410588ms] [ERROR] Failed to load resource: net::ERR_NETWORK_CHANGED @ https://1800accountant.com/icons/arrow-up-green.svg:0
[ 1410589ms] [ERROR] Failed to load resource: net::ERR_NETWORK_CHANGED @ https://1800accountant.com/icons/graph-up-green.svg:0
[ 1410589ms] [ERROR] Failed to load resource: net::ERR_NETWORK_CHANGED @ https://1800accountant.com/images/home/home-2.png:0
[ 1410589ms] [ERROR] Failed to load resource: net::ERR_NETWORK_CHANGED @ https://1800accountant.com/pie.png:0
[ 1410590ms] [ERROR] Failed to load resource: net::ERR_NETWORK_CHANGED @ https://1800accountant.com/icons/check-purple.svg:0
[ 1410590ms] [ERROR] Failed to load resource: net::ERR_NETWORK_CHANGED @ https://1800accountant.com/images/home/home-4.png:0
[ 3246328ms] [ERROR] Failed to load resource: net::ERR_TIMED_OUT @ https://1800accountant.com/pie.png:0
[ 3246328ms] [ERROR] Failed to load resource: net::ERR_TIMED_OUT @ https://1800accountant.com/images/home/home-3.png:0
[ 3246329ms] [ERROR] Failed to load resource: net::ERR_TIMED_OUT @ https://1800accountant.com/icons/monitor.svg:0
[ 3246329ms] [ERROR] Failed to load resource: net::ERR_INTERNET_DISCONNECTED @ https://1800accountant.com/images/home/home-4.png:0
[ 3246329ms] [ERROR] Failed to load resource: net::ERR_INTERNET_DISCONNECTED @ https://1800accountant.com/icons/check-purple.svg:0
[ 3246355ms] [ERROR] Failed to load resource: net::ERR_INTERNET_DISCONNECTED @ https://1800accountant.com/images/home/home.png:0
[ 3246459ms] [ERROR] Failed to load resource: net::ERR_INTERNET_DISCONNECTED @ https://1800accountant.com/icons/arrow-up-green.svg:0
[ 3246462ms] [ERROR] Failed to load resource: net::ERR_INTERNET_DISCONNECTED @ https://trc-events.taboola.com/1940393/log/3/unip?en=pre_d_eng_tb&tos=3198092&scd=36&ssd=1&est=1784284164779&ver=36&isls=true&src=i&invt=768000&msa=8239&rv=1&tim=1784287362871&mrir=tto&vi=1784284164764&ref=https%3A%2F%2F1800accountant.com%2F&cv=20260712-3-RELEASE&item-url=https%3A%2F%2F1800accountant.com%2F&cbp=OneTrust&cbpv=1&cbcd=%2CC0004%2CC0005%2CC0003%2CC0002%2CC0001%2C&it=JS_PIXEL:0
[ 3246480ms] [ERROR] Failed to load resource: net::ERR_INTERNET_DISCONNECTED @ https://1800accountant.com/icons/graph-up-green.svg:0
[ 3246503ms] [ERROR] Failed to load resource: net::ERR_INTERNET_DISCONNECTED @ https://1800accountant.com/images/home/home-2.png:0
